<?xml version="1.0" encoding="UTF-8"?>
<testng-results ignored="0" total="1" passed="1" failed="0" skipped="0">
  <reporter-output>
  </reporter-output>
  <suite started-at="2025-11-27T07:42:36 IST" name="Default suite" finished-at="2025-11-27T07:42:36 IST" duration-ms="48">
    <groups>
    </groups>
    <test started-at="2025-11-27T07:42:36 IST" name="Default test" finished-at="2025-11-27T07:42:36 IST" duration-ms="48">
      <class name="demoforgithubdemopractice.secondclass">
        <test-method signature="demofofgitpractice()[pri:0, instance:demoforgithubdemopractice.secondclass@3febb011]" started-at="2025-11-27T07:42:36 IST" name="demofofgitpractice" finished-at="2025-11-27T07:42:36 IST" duration-ms="11" status="PASS">
          <reporter-output>
          </reporter-output>
        </test-method> <!-- demofofgitpractice -->
      </class> <!-- demoforgithubdemopractice.secondclass -->
    </test> <!-- Default test -->
  </suite> <!-- Default suite -->
</testng-results>
